#
# There is insufficient memory for the Java Runtime Environment to continue.
# Native memory allocation (malloc) failed to allocate 1048576 bytes for AllocateHeap
# Possible reasons:
#   The system is out of physical RAM or swap space
#   In 32 bit mode, the process size limit was hit
# Possible solutions:
#   Reduce memory load on the system
#   Increase physical memory or swap space
#   Check if swap backing store is full
#   Use 64 bit Java on a 64 bit OS
#   Decrease Java heap size (-Xmx/-Xms)
#   Decrease number of Java threads
#   Decrease Java thread stack sizes (-Xss)
#   Set larger code cache with -XX:ReservedCodeCacheSize=
# This output file may be truncated or incomplete.
#
#  Out of Memory Error (memory/allocation.inline.hpp:61), pid=8668, tid=4768
#
# JRE version:  (7.0_79-b15) (build )
# Java VM: Java HotSpot(TM) 64-Bit Server VM (24.79-b02 mixed mode windows-amd64 compressed oops)
# Failed to write core dump. Minidumps are not enabled by default on client versions of Windows
#

---------------  T H R E A D  ---------------

Current thread (0x0000000001f70800):  JavaThread "Unknown thread" [_thread_in_vm, id=4768, stack(0x0000000001e70000,0x0000000001f70000)]

Stack: [0x0000000001e70000,0x0000000001f70000]
[error occurred during error reporting (printing stack bounds), id 0xc0000005]


---------------  P R O C E S S  ---------------

Java Threads: ( => current thread )

Other Threads:

=>0x0000000001f70800 (exited) JavaThread "Unknown thread" [_thread_in_vm, id=4768, stack(0x0000000001e70000,0x0000000001f70000)]

VM state:not at safepoint (normal execution)

VM Mutex/Monitor currently owned by a thread: None

Heap
 PSYoungGen      total 18944K, used 327K [0x00000000eaa80000, 0x00000000ebf80000, 0x0000000100000000)
  eden space 16384K, 2% used [0x00000000eaa80000,0x00000000eaad1f10,0x00000000eba80000)
  from space 2560K, 0% used [0x00000000ebd00000,0x00000000ebd00000,0x00000000ebf80000)
  to   space 2560K, 0% used [0x00000000eba80000,0x00000000eba80000,0x00000000ebd00000)
 ParOldGen       total 42496K, used 0K [0x00000000c0000000, 0x00000000c2980000, 0x00000000eaa80000)
  object space 42496K, 0% used [0x00000000c0000000,0x00000000c0000000,0x00000000c2980000)
 PSPermGen       total 21504K, used 697K [0x00000000bae00000, 0x00000000bc300000, 0x00000000c0000000)
  object space 21504K, 3% used [0x00000000bae00000,0x00000000baeae588,0x00000000bc300000)

Card table byte_map: [0x0000000005070000,0x00000000052a0000] byte_map_base: 0x0000000004a99000

Polling page: 0x0000000001ce0000

Code Cache  [0x0000000002070000, 0x00000000022e0000, 0x0000000005070000)
 total_blobs=38 nmethods=0 adapters=20 free_code_cache=48889Kb largest_free_block=50062528

Compilation events (0 events):
No events

GC Heap History (0 events):
No events

Deoptimization events (0 events):
No events

Internal exceptions (0 events):
No events

Events (10 events):
Event: 0.060 loading class 0x0000000001fb71c0
Event: 0.061 loading class 0x0000000001fb71c0 done
Event: 0.061 loading class 0x0000000001fb7210
Event: 0.061 loading class 0x0000000001fb7210 done
Event: 0.061 loading class 0x0000000001fb7260
Event: 0.061 loading class 0x0000000001fb7260 done
Event: 0.063 loading class 0x0000000001fb7fe0
Event: 0.063 loading class 0x0000000001fb7fe0 done
Event: 0.063 loading class 0x0000000001fb7c00
Event: 0.063 loading class 0x0000000001fb7c00 done


Dynamic libraries:
0x00007ff679c70000 - 0x00007ff679ca3000 	C:\Program Files\Java\jdk1.7.0_79\bin\java.exe
0x00007ffff9e80000 - 0x00007ffffa02d000 	C:\Windows\SYSTEM32\ntdll.dll
0x00007ffff9680000 - 0x00007ffff97be000 	C:\Windows\system32\KERNEL32.DLL
0x00007ffff70b0000 - 0x00007ffff71c5000 	C:\Windows\system32\KERNELBASE.dll
0x00007ffff5b80000 - 0x00007ffff5c0e000 	C:\Windows\system32\apphelp.dll
0x00007fffedf80000 - 0x00007fffedfd3000 	C:\Windows\AppPatch\AppPatch64\AcGenral.DLL
0x00007ffff7580000 - 0x00007ffff762a000 	C:\Windows\system32\msvcrt.dll
0x00007ffff7080000 - 0x00007ffff70ae000 	C:\Windows\system32\SspiCli.dll
0x00007ffff94b0000 - 0x00007ffff9504000 	C:\Windows\system32\SHLWAPI.dll
0x00007ffff9c20000 - 0x00007ffff9d97000 	C:\Windows\system32\USER32.dll
0x00007ffff9930000 - 0x00007ffff9ac4000 	C:\Windows\system32\ole32.dll
0x00007ffff7f80000 - 0x00007ffff94aa000 	C:\Windows\system32\SHELL32.dll
0x00007ffff6580000 - 0x00007ffff65a1000 	C:\Windows\SYSTEM32\USERENV.dll
0x00007ffff9880000 - 0x00007ffff992a000 	C:\Windows\system32\ADVAPI32.dll
0x00007ffff0620000 - 0x00007ffff063e000 	C:\Windows\SYSTEM32\MPR.dll
0x00007ffff9540000 - 0x00007ffff9680000 	C:\Windows\system32\RPCRT4.dll
0x00007ffff7690000 - 0x00007ffff76e9000 	C:\Windows\SYSTEM32\sechost.dll
0x00007ffff7750000 - 0x00007ffff7961000 	C:\Windows\SYSTEM32\combase.dll
0x00007ffff9ad0000 - 0x00007ffff9c20000 	C:\Windows\system32\GDI32.dll
0x00007ffff6fb0000 - 0x00007ffff6fc5000 	C:\Windows\SYSTEM32\profapi.dll
0x00007ffff55b0000 - 0x00007ffff5662000 	C:\Windows\SYSTEM32\SHCORE.dll
0x00007ffff7c90000 - 0x00007ffff7cc6000 	C:\Windows\system32\IMM32.DLL
0x00007ffff7b20000 - 0x00007ffff7c72000 	C:\Windows\system32\MSCTF.dll
0x00007ffff4ea0000 - 0x00007ffff511b000 	C:\Windows\WinSxS\amd64_microsoft.windows.common-controls_6595b64144ccf1df_6.0.9600.18006_none_623f33d3ecbe86e8\COMCTL32.dll
0x0000000076870000 - 0x0000000076942000 	C:\Program Files\Java\jdk1.7.0_79\jre\bin\msvcr100.dll
0x0000000076d00000 - 0x00000000774d5000 	C:\Program Files\Java\jdk1.7.0_79\jre\bin\server\jvm.dll
0x00007ffff2160000 - 0x00007ffff2169000 	C:\Windows\SYSTEM32\WSOCK32.dll
0x00007fffeee70000 - 0x00007fffeee92000 	C:\Windows\SYSTEM32\WINMM.dll
0x00007ffff9530000 - 0x00007ffff9537000 	C:\Windows\system32\PSAPI.DLL
0x00007ffff76f0000 - 0x00007ffff774a000 	C:\Windows\system32\WS2_32.dll
0x00007fffee3e0000 - 0x00007fffee40a000 	C:\Windows\SYSTEM32\WINMMBASE.dll
0x00007ffff7c80000 - 0x00007ffff7c89000 	C:\Windows\system32\NSI.dll
0x00007ffff71d0000 - 0x00007ffff721f000 	C:\Windows\SYSTEM32\cfgmgr32.dll
0x00007ffff5dd0000 - 0x00007ffff5df8000 	C:\Windows\SYSTEM32\DEVOBJ.dll
0x0000000076cf0000 - 0x0000000076cff000 	C:\Program Files\Java\jdk1.7.0_79\jre\bin\verify.dll
0x0000000076cc0000 - 0x0000000076ce8000 	C:\Program Files\Java\jdk1.7.0_79\jre\bin\java.dll
0x0000000076ca0000 - 0x0000000076cb5000 	C:\Program Files\Java\jdk1.7.0_79\jre\bin\zip.dll

VM Arguments:
jvm_args: -Xmx1024M -Dfile.encoding=windows-1252 -Duser.country=US -Duser.language=en -Duser.variant 
java_command: com.android.dx.command.Main --dex --output C:\Users\hira\AndroidStudioProjects\LayoutIntergration_intotaz\app\build\intermediates\pre-dexed\debug\classes-6a29fe9f9f6c6c533189ec634c04bf68886fcdd2.jar C:\Users\hira\AndroidStudioProjects\LayoutIntergration_intotaz\app\build\intermediates\exploded-aar\com.google.android.gms\play-services-analytics\8.4.0\classes.jar
Launcher Type: SUN_STANDARD

Environment Variables:
PATH=C:\ProgramData\Oracle\Java\javapath;C:\Program Files (x86)\Intel\iCLS Client\;C:\Program Files\Intel\iCLS Client\;C:\Windows\system32;C:\Windows;C:\Windows\System32\Wbem;C:\Windows\System32\WindowsPowerShell\v1.0\;C:\Program Files\Intel\Intel(R) Management Engine Components\DAL;C:\Program Files\Intel\Intel(R) Management Engine Components\IPT;C:\Program Files (x86)\Intel\Intel(R) Management Engine Components\DAL;C:\Program Files (x86)\Intel\Intel(R) Management Engine Components\IPT;C:\Python27;C:\Java\jdk1.7.0\bin;C:\Windows\System32\;C:\Windows\;C:\Windows\System32\Wbem;C:\Program Files (x86)\Windows Live\Shared;C:\Program Files\Java\jdk1.7.0_79\bin;C:\Program Files (x86)\MySQL\MySQL Utilities\;C:\Program Files (x86)\MySQL\MySQL Utilities\Doctrine extensions for PHP\;C:\Program Files (x86)\Skype\Phone\;C:\Program Files\Git\cmd
USERNAME=hira
OS=Windows_NT
PROCESSOR_IDENTIFIER=Intel64 Family 6 Model 69 Stepping 1, GenuineIntel



---------------  S Y S T E M  ---------------

OS: Windows 8.1 , 64 bit Build 9600 

CPU:total 4 (2 cores per cpu, 2 threads per core) family 6 model 69 stepping 1, cmov, cx8, fxsr, mmx, sse, sse2, sse3, ssse3, sse4.1, sse4.2, popcnt, avx, avx2, aes, erms, ht, tsc, tscinvbit

Memory: 4k page, physical 4114584k(296552k free), swap 7260312k(210224k free)

vm_info: Java HotSpot(TM) 64-Bit Server VM (24.79-b02) for windows-amd64 JRE (1.7.0_79-b15), built on Apr 10 2015 12:36:16 by "java_re" with unknown MS VC++:1600

time: Sun May 15 21:38:51 2016
elapsed time: 0 seconds

